Using pre-set license
Built from '2020.3/release' branch; Version is '2020.3.12f1 (b3b2c6512326) revision 11776710'; Using compiler version '192528614'; Build Type 'Release'
OS: 'Windows 10 Home; OS build 19042.1237; Version 2009; 64bit' Language: 'en' Physical Memory: 16250 MB
BatchMode: 1, IsHumanControllingUs: 0, StartBugReporterOnCrash: 0, Is64bit: 1, IsPro: 0

 COMMAND LINE ARGUMENTS:
C:\Program Files\Unity Editor\2020.3.12f1\Editor\Unity.exe
-adb2
-batchMode
-noUpm
-name
AssetImportWorker0
-projectPath
C:/Users/Allan/Documents/GitHub/CAS-Project/Cas Project Unity
-logFile
Logs/AssetImportWorker0.log
-srvPort
54885
Successfully changed project path to: C:/Users/Allan/Documents/GitHub/CAS-Project/Cas Project Unity
C:/Users/Allan/Documents/GitHub/CAS-Project/Cas Project Unity
Using Asset Import Pipeline V2.
Refreshing native plugins compatible for Editor in 205.96 ms, found 3 plugins.
Preloading 0 native plugins for Editor in 0.00 ms.
Initialize engine version: 2020.3.12f1 (b3b2c6512326)
[Subsystems] Discovering subsystems at path C:/Program Files/Unity Editor/2020.3.12f1/Editor/Data/Resources/UnitySubsystems
[Subsystems] Discovering subsystems at path C:/Users/Allan/Documents/GitHub/CAS-Project/Cas Project Unity/Assets
GfxDevice: creating device client; threaded=0
Direct3D:
    Version:  Direct3D 11.0 [level 11.1]
    Renderer: NVIDIA GeForce GTX 1070 with Max-Q Design (ID=0x1ba1)
    Vendor:   
    VRAM:     8082 MB
    Driver:   30.0.14.7141
Shader 'Universal Render Pipeline/Particles/Lit': fallback shader 'Universal Render Pipeline/Particles/SimpleLit' not found
Initialize mono
Mono path[0] = 'C:/Program Files/Unity Editor/2020.3.12f1/Editor/Data/Managed'
Mono path[1] = 'C:/Program Files/Unity Editor/2020.3.12f1/Editor/Data/MonoBleedingEdge/lib/mono/unityjit'
Mono config path = 'C:/Program Files/Unity Editor/2020.3.12f1/Editor/Data/MonoBleedingEdge/etc'
Using monoOptions --debugger-agent=transport=dt_socket,embedding=1,server=y,suspend=n,address=127.0.0.1:56040
Begin MonoManager ReloadAssembly
Registering precompiled unity dll's ...
Register platform support module: C:/Program Files/Unity Editor/2020.3.12f1/Editor/Data/PlaybackEngines/MacStandaloneSupport/UnityEditor.OSXStandalone.Extensions.dll
Register platform support module: C:/Program Files/Unity Editor/2020.3.12f1/Editor/Data/PlaybackEngines/WindowsStandaloneSupport/UnityEditor.WindowsStandalone.Extensions.dll
Registered in 0.004185 seconds.
Native extension for WindowsStandalone target not found
Native extension for OSXStandalone target not found
Refreshing native plugins compatible for Editor in 544.60 ms, found 3 plugins.
Preloading 0 native plugins for Editor in 0.00 ms.
Mono: successfully reloaded assembly
- Completed reload, in  2.983 seconds
Platform modules already initialized, skipping
Registering precompiled user dll's ...
Registered in 0.012530 seconds.
Begin MonoManager ReloadAssembly
Native extension for WindowsStandalone target not found
Native extension for OSXStandalone target not found
Refreshing native plugins compatible for Editor in 313.42 ms, found 3 plugins.
Preloading 0 native plugins for Editor in 0.00 ms.
Mono: successfully reloaded assembly
- Completed reload, in  3.804 seconds
Platform modules already initialized, skipping
========================================================================
Worker process is ready to serve import requests
Shader 'Universal Render Pipeline/Particles/Lit': fallback shader 'Universal Render Pipeline/Particles/SimpleLit' not found
Launched and connected shader compiler UnityShaderCompiler.exe after 0.18 seconds
Refreshing native plugins compatible for Editor in 1.70 ms, found 3 plugins.
Preloading 0 native plugins for Editor in 0.00 ms.
Unloading 3277 Unused Serialized files (Serialized files now loaded: 0)
System memory in use before: 144.1 MB.
System memory in use after: 144.1 MB.

Unloading 34 unused Assets to reduce memory usage. Loaded Objects now: 3710.
Total: 8.320900 ms (FindLiveObjects: 0.607000 ms CreateObjectMapping: 0.334500 ms MarkObjects: 6.992800 ms  DeleteObjects: 0.383900 ms)

AssetImportParameters requested are different than current active one (requested -> active):
  custom:framework-win-MediaFoundation: 216162199b28c13a410421893ffa2e32 -> 
  custom:video-decoder-ogg-theora: a1e56fd34408186e4bbccfd4996cb3dc -> 
  custom:container-muxer-webm: aa71ff27fc2769a1b78a27578f13a17b -> 
  custom:container-demuxer-webm: 4f35f7cbe854078d1ac9338744f61a02 -> 
  custom:container-demuxer-ogg: 62fdf1f143b41e24485cea50d1cbac27 -> 
  custom:video-encoder-webm-vp8: eb34c28f22e8b96e1ab97ce403110664 -> 
  custom:video-codec-MediaFoundation-h265: 746d11721c4dcdbdad8f713fa42b33f4 -> 
  custom:video-decoder-webm-vp8: 9c59270c3fd7afecdb556c50c9e8de78 -> 
  custom:audio-decoder-ogg-vorbis: bf7c407c2cedff20999df2af8eb42d56 -> 
  custom:audio-encoder-webm-vorbis: bf7c407c2cedff20999df2af8eb42d56 -> 
========================================================================
Received Import Request.
  path: Assets/scripts/HitBarSpin.cs
  artifactKey: Guid(161b58e99cb75fb4e925bee37cbc032a) Importer(815301076,1909f56bfc062723c751e8b465ee728b)
Start importing Assets/scripts/HitBarSpin.cs using Guid(161b58e99cb75fb4e925bee37cbc032a) Importer(815301076,1909f56bfc062723c751e8b465ee728b)  -> (artifact id: 'ffd0deead4f75f4a9284319b5e31d019') in 0.078436 seconds 
  Import took 0.093533 seconds .

========================================================================
Received Import Request.
  Time since last request: 319.383899 seconds.
  path: Assets/scripts/AutoText.cs
  artifactKey: Guid(50ce6d2b8b123434da85c3ca250cf555) Importer(815301076,1909f56bfc062723c751e8b465ee728b)
Start importing Assets/scripts/AutoText.cs using Guid(50ce6d2b8b123434da85c3ca250cf555) Importer(815301076,1909f56bfc062723c751e8b465ee728b)  -> (artifact id: '12c795e196fc4a7de502d12ba4d8a42e') in 0.007389 seconds 
  Import took 0.014540 seconds .

========================================================================
Received Import Request.
  Time since last request: 0.002230 seconds.
  path: Assets/scripts/AutoText.cs
  artifactKey: Guid(50ce6d2b8b123434da85c3ca250cf555) Importer(815301076,1909f56bfc062723c751e8b465ee728b)
Start importing Assets/scripts/AutoText.cs using Guid(50ce6d2b8b123434da85c3ca250cf555) Importer(815301076,1909f56bfc062723c751e8b465ee728b)  -> (artifact id: '12c795e196fc4a7de502d12ba4d8a42e') in 0.003504 seconds 
  Import took 0.010859 seconds .

========================================================================
Received Import Request.
  Time since last request: 7.321651 seconds.
  path: Assets/scripts/SpawnNote.cs
  artifactKey: Guid(83552a552af77994fba5f08e7b559739) Importer(815301076,1909f56bfc062723c751e8b465ee728b)
Start importing Assets/scripts/SpawnNote.cs using Guid(83552a552af77994fba5f08e7b559739) Importer(815301076,1909f56bfc062723c751e8b465ee728b)  -> (artifact id: '4fa24b62a5bfeb97fb63cdf2bd694539') in 0.005938 seconds 
  Import took 0.016575 seconds .

========================================================================
Received Import Request.
  Time since last request: 0.001134 seconds.
  path: Assets/scripts/SpawnNote.cs
  artifactKey: Guid(83552a552af77994fba5f08e7b559739) Importer(815301076,1909f56bfc062723c751e8b465ee728b)
Start importing Assets/scripts/SpawnNote.cs using Guid(83552a552af77994fba5f08e7b559739) Importer(815301076,1909f56bfc062723c751e8b465ee728b)  -> (artifact id: '4fa24b62a5bfeb97fb63cdf2bd694539') in 0.002890 seconds 
  Import took 0.009278 seconds .

========================================================================
Received Import Request.
  Time since last request: 282.150395 seconds.
  path: Assets/TextMesh Pro/Examples & Extras
  artifactKey: Guid(ce51c8e33b734b4db6086586558c53a3) Importer(815301076,1909f56bfc062723c751e8b465ee728b)
Start importing Assets/TextMesh Pro/Examples & Extras using Guid(ce51c8e33b734b4db6086586558c53a3) Importer(815301076,1909f56bfc062723c751e8b465ee728b)  -> (artifact id: '3e3cf4d2f68a1ab192bd0aaafbdee761') in 0.008502 seconds 
  Import took 0.016320 seconds .

========================================================================
Received Import Request.
  Time since last request: 1623.351231 seconds.
  path: Assets/fonts/Tahoma Regular font.ttf
  artifactKey: Guid(293c8c9a074ec7246a6ad961960fafc3) Importer(815301076,1909f56bfc062723c751e8b465ee728b)
Start importing Assets/fonts/Tahoma Regular font.ttf using Guid(293c8c9a074ec7246a6ad961960fafc3) Importer(815301076,1909f56bfc062723c751e8b465ee728b)  -> (artifact id: 'c1f6bd4797d6b904e68925d3f6a2fb17') in 0.390421 seconds 
  Import took 0.405045 seconds .

========================================================================
Received Import Request.
  Time since last request: 0.000274 seconds.
  path: Assets/fonts/TAHOMAB0.TTF
  artifactKey: Guid(a2cd8859589f64d499cad965024046dd) Importer(815301076,1909f56bfc062723c751e8b465ee728b)
Start importing Assets/fonts/TAHOMAB0.TTF using Guid(a2cd8859589f64d499cad965024046dd) Importer(815301076,1909f56bfc062723c751e8b465ee728b)  -> (artifact id: '412b76fc964c9a1fc34c36508b53e7b2') in 0.019369 seconds 
  Import took 0.027832 seconds .

========================================================================
Received Import Request.
  Time since last request: 0.000374 seconds.
  path: Assets/fonts/TAHOMABD.TTF
  artifactKey: Guid(ce8ffe181c9572f46837f039c6e9e324) Importer(815301076,1909f56bfc062723c751e8b465ee728b)
Start importing Assets/fonts/TAHOMABD.TTF using Guid(ce8ffe181c9572f46837f039c6e9e324) Importer(815301076,1909f56bfc062723c751e8b465ee728b)  -> (artifact id: 'ad4aee56de7e8bc256946ca38e28bd72') in 0.026800 seconds 
  Import took 0.035336 seconds .

========================================================================
Received Import Request.
  Time since last request: 0.000261 seconds.
  path: Assets/fonts/TAHOMA_0.TTF
  artifactKey: Guid(1b94ec8309b41214890fb26e2d6a3a2a) Importer(815301076,1909f56bfc062723c751e8b465ee728b)
Start importing Assets/fonts/TAHOMA_0.TTF using Guid(1b94ec8309b41214890fb26e2d6a3a2a) Importer(815301076,1909f56bfc062723c751e8b465ee728b)  -> (artifact id: '3b98f5af3d4104ca8e6d985daf74374e') in 0.019738 seconds 
  Import took 0.026024 seconds .

========================================================================
Received Import Request.
  Time since last request: 42.132386 seconds.
  path: Assets/fonts/trebuc.ttf
  artifactKey: Guid(5b3c13ab4fe7d4245ac9a065a003d757) Importer(815301076,1909f56bfc062723c751e8b465ee728b)
Start importing Assets/fonts/trebuc.ttf using Guid(5b3c13ab4fe7d4245ac9a065a003d757) Importer(815301076,1909f56bfc062723c751e8b465ee728b)  -> (artifact id: 'bfdf71a0f79b62240de6a762dae1d8bd') in 0.020770 seconds 
  Import took 0.028224 seconds .

========================================================================
Received Import Request.
  Time since last request: 0.000325 seconds.
  path: Assets/fonts/Trebuchet-MS-Italic.ttf
  artifactKey: Guid(a372e8e451d603144abdfc8bb7b0c5d8) Importer(815301076,1909f56bfc062723c751e8b465ee728b)
Start importing Assets/fonts/Trebuchet-MS-Italic.ttf using Guid(a372e8e451d603144abdfc8bb7b0c5d8) Importer(815301076,1909f56bfc062723c751e8b465ee728b)  -> (artifact id: '92f0d3656e7623547ca5db93caaae3e8') in 0.018904 seconds 
  Import took 0.028618 seconds .

AssetImportWorkerClient::OnTransportError - code=2 error=End of file
