Using pre-set license
Built from '2020.3/release' branch; Version is '2020.3.12f1 (b3b2c6512326) revision 11776710'; Using compiler version '192528614'; Build Type 'Release'
OS: 'Windows 10 Pro; OS build 19041.1165; Version 2004; 64bit' Language: 'en' Physical Memory: 24567 MB
BatchMode: 1, IsHumanControllingUs: 0, StartBugReporterOnCrash: 0, Is64bit: 1, IsPro: 0

 COMMAND LINE ARGUMENTS:
C:\Program Files\Unity\Hub\Editor\2020.3.12f1\Editor\Unity.exe
-adb2
-batchMode
-noUpm
-name
AssetImportWorker0
-projectPath
C:/Users/Eric's Slave/Documents/GitHub/CAS-Project/Cas Project Unity
-logFile
Logs/AssetImportWorker0.log
-srvPort
58928
Successfully changed project path to: C:/Users/Eric's Slave/Documents/GitHub/CAS-Project/Cas Project Unity
C:/Users/Eric's Slave/Documents/GitHub/CAS-Project/Cas Project Unity
Using Asset Import Pipeline V2.
Refreshing native plugins compatible for Editor in 113.35 ms, found 3 plugins.
Preloading 0 native plugins for Editor in 0.00 ms.
Initialize engine version: 2020.3.12f1 (b3b2c6512326)
[Subsystems] Discovering subsystems at path C:/Program Files/Unity/Hub/Editor/2020.3.12f1/Editor/Data/Resources/UnitySubsystems
[Subsystems] Discovering subsystems at path C:/Users/Eric's Slave/Documents/GitHub/CAS-Project/Cas Project Unity/Assets
GfxDevice: creating device client; threaded=0
Direct3D:
    Version:  Direct3D 11.0 [level 11.0]
    Renderer: AMD Radeon HD 5800 Series (ID=0x6898)
    Vendor:   
    VRAM:     1010 MB
    Driver:   15.200.1062.1004
Shader 'Universal Render Pipeline/Particles/Lit': fallback shader 'Universal Render Pipeline/Particles/SimpleLit' not found
Initialize mono
Mono path[0] = 'C:/Program Files/Unity/Hub/Editor/2020.3.12f1/Editor/Data/Managed'
Mono path[1] = 'C:/Program Files/Unity/Hub/Editor/2020.3.12f1/Editor/Data/MonoBleedingEdge/lib/mono/unityjit'
Mono config path = 'C:/Program Files/Unity/Hub/Editor/2020.3.12f1/Editor/Data/MonoBleedingEdge/etc'
Using monoOptions --debugger-agent=transport=dt_socket,embedding=1,server=y,suspend=n,address=127.0.0.1:56572
Begin MonoManager ReloadAssembly
Registering precompiled unity dll's ...
Register platform support module: C:/Program Files/Unity/Hub/Editor/2020.3.12f1/Editor/Data/PlaybackEngines/WindowsStandaloneSupport/UnityEditor.WindowsStandalone.Extensions.dll
Registered in 0.004195 seconds.
Native extension for WindowsStandalone target not found
Refreshing native plugins compatible for Editor in 109.04 ms, found 3 plugins.
Preloading 0 native plugins for Editor in 0.00 ms.
Mono: successfully reloaded assembly
- Completed reload, in  2.081 seconds
Platform modules already initialized, skipping
Registering precompiled user dll's ...
Registered in 0.009859 seconds.
Begin MonoManager ReloadAssembly
Native extension for WindowsStandalone target not found
Refreshing native plugins compatible for Editor in 110.61 ms, found 3 plugins.
Preloading 0 native plugins for Editor in 0.00 ms.
Mono: successfully reloaded assembly
- Completed reload, in  2.147 seconds
Platform modules already initialized, skipping
========================================================================
Worker process is ready to serve import requests
Shader 'Universal Render Pipeline/Particles/Lit': fallback shader 'Universal Render Pipeline/Particles/SimpleLit' not found
Launched and connected shader compiler UnityShaderCompiler.exe after 0.05 seconds
Refreshing native plugins compatible for Editor in 1.08 ms, found 3 plugins.
Preloading 0 native plugins for Editor in 0.00 ms.
Unloading 3275 Unused Serialized files (Serialized files now loaded: 0)
System memory in use before: 143.2 MB.
System memory in use after: 143.4 MB.

Unloading 29 unused Assets to reduce memory usage. Loaded Objects now: 3711.
Total: 4.712800 ms (FindLiveObjects: 0.476700 ms CreateObjectMapping: 0.211600 ms MarkObjects: 3.895900 ms  DeleteObjects: 0.126100 ms)

AssetImportParameters requested are different than current active one (requested -> active):
  custom:framework-win-MediaFoundation: 216162199b28c13a410421893ffa2e32 -> 
  custom:video-decoder-ogg-theora: a1e56fd34408186e4bbccfd4996cb3dc -> 
  custom:container-muxer-webm: aa71ff27fc2769a1b78a27578f13a17b -> 
  custom:container-demuxer-webm: 4f35f7cbe854078d1ac9338744f61a02 -> 
  custom:container-demuxer-ogg: 62fdf1f143b41e24485cea50d1cbac27 -> 
  custom:video-encoder-webm-vp8: eb34c28f22e8b96e1ab97ce403110664 -> 
  custom:video-decoder-webm-vp8: 9c59270c3fd7afecdb556c50c9e8de78 -> 
  custom:audio-decoder-ogg-vorbis: bf7c407c2cedff20999df2af8eb42d56 -> 
  custom:audio-encoder-webm-vorbis: bf7c407c2cedff20999df2af8eb42d56 -> 
========================================================================
Received Import Request.
  path: Assets/materials/Blue Glow Arrow.mat
  artifactKey: Guid(86acfa9201ae6b444a57b002dba0fb86) Importer(815301076,1909f56bfc062723c751e8b465ee728b)
Start importing Assets/materials/Blue Glow Arrow.mat using Guid(86acfa9201ae6b444a57b002dba0fb86) Importer(815301076,1909f56bfc062723c751e8b465ee728b)  -> (artifact id: '3a2ce10bbb7d743dbf49b1683ea5ceb3') in 0.662357 seconds 
  Import took 0.670262 seconds .

========================================================================
Received Import Request.
  Time since last request: 0.000270 seconds.
  path: Assets/materials/Orange Glow.mat
  artifactKey: Guid(39895f8ed547ee3418cb03288cfcb150) Importer(815301076,1909f56bfc062723c751e8b465ee728b)
Start importing Assets/materials/Orange Glow.mat using Guid(39895f8ed547ee3418cb03288cfcb150) Importer(815301076,1909f56bfc062723c751e8b465ee728b)  -> (artifact id: '9b7632bae71453b6278ebeddddfcf1ff') in 0.269562 seconds 
  Import took 0.276448 seconds .

========================================================================
Received Import Request.
  Time since last request: 0.000241 seconds.
  path: Assets/render/2D Render.asset
  artifactKey: Guid(e39d7dbe70e4a184380eb2816dc6eff9) Importer(815301076,1909f56bfc062723c751e8b465ee728b)
Start importing Assets/render/2D Render.asset using Guid(e39d7dbe70e4a184380eb2816dc6eff9) Importer(815301076,1909f56bfc062723c751e8b465ee728b)  -> (artifact id: '96c85dcdda001f02c7612e0a7d4418be') in 0.017127 seconds 
  Import took 0.024194 seconds .

========================================================================
Received Import Request.
  Time since last request: 0.000258 seconds.
  path: Assets/fonts/good times rg SDF.asset
  artifactKey: Guid(630e21301c449b94798fdb89d1c77d8f) Importer(815301076,1909f56bfc062723c751e8b465ee728b)
Start importing Assets/fonts/good times rg SDF.asset using Guid(630e21301c449b94798fdb89d1c77d8f) Importer(815301076,1909f56bfc062723c751e8b465ee728b)  -> (artifact id: 'b7293d46a8fcfe35ae5c08b109cb0a04') in 0.188452 seconds 
  Import took 0.195686 seconds .

========================================================================
Received Import Request.
  Time since last request: 0.000235 seconds.
  path: Assets/sprites/Orange Note Turn.png
  artifactKey: Guid(a41a0af888afdd94aa0ad283c0a506b8) Importer(815301076,1909f56bfc062723c751e8b465ee728b)
Start importing Assets/sprites/Orange Note Turn.png using Guid(a41a0af888afdd94aa0ad283c0a506b8) Importer(815301076,1909f56bfc062723c751e8b465ee728b)  -> (artifact id: '0ccbc66234a1e3b91ae90e06c78c02c6') in 0.085662 seconds 
  Import took 0.092520 seconds .

========================================================================
Received Import Request.
  Time since last request: 0.000240 seconds.
  path: Assets/sprites/Orange Note Turn (Fixed).psd
  artifactKey: Guid(1a4df3278b387c249b544ffb3f6c3d6f) Importer(815301076,1909f56bfc062723c751e8b465ee728b)
Start importing Assets/sprites/Orange Note Turn (Fixed).psd using Guid(1a4df3278b387c249b544ffb3f6c3d6f) Importer(815301076,1909f56bfc062723c751e8b465ee728b)  -> (artifact id: '9bbf517a33b767cd619106f6d426df03') in 0.026846 seconds 
  Import took 0.033859 seconds .

========================================================================
Received Import Request.
  Time since last request: 0.000264 seconds.
  path: Assets/sprites/Orange Note (Fixed).psd
  artifactKey: Guid(7d1069a42bd6bdd44bc2853b7594fe71) Importer(815301076,1909f56bfc062723c751e8b465ee728b)
Start importing Assets/sprites/Orange Note (Fixed).psd using Guid(7d1069a42bd6bdd44bc2853b7594fe71) Importer(815301076,1909f56bfc062723c751e8b465ee728b)  -> (artifact id: 'eda8cfd42a459c3e3f2f90eb20dbd956') in 0.022071 seconds 
  Import took 0.029284 seconds .

========================================================================
Received Import Request.
  Time since last request: 0.000229 seconds.
  path: Assets/sprites/Play Circle.png
  artifactKey: Guid(d883c4c8f436a7e449aab96009d96afe) Importer(815301076,1909f56bfc062723c751e8b465ee728b)
Start importing Assets/sprites/Play Circle.png using Guid(d883c4c8f436a7e449aab96009d96afe) Importer(815301076,1909f56bfc062723c751e8b465ee728b)  -> (artifact id: 'ce75b3bb3e5766afaae30a47611743b2') in 0.047791 seconds 
  Import took 0.055762 seconds .

========================================================================
Received Import Request.
  Time since last request: 0.000236 seconds.
  path: Assets/sprites/Orange Spam Note.png
  artifactKey: Guid(aa583873d96e97b4699be1ef5fca543f) Importer(815301076,1909f56bfc062723c751e8b465ee728b)
Start importing Assets/sprites/Orange Spam Note.png using Guid(aa583873d96e97b4699be1ef5fca543f) Importer(815301076,1909f56bfc062723c751e8b465ee728b)  -> (artifact id: 'ef20b3e9e92c99fa141b3d1084c67e5b') in 0.022236 seconds 
  Import took 0.029198 seconds .

========================================================================
Received Import Request.
  Time since last request: 0.000362 seconds.
  path: Assets/sprites/Blue Note.png
  artifactKey: Guid(17e1817fcb23ee54db28f0e4d9db7b7a) Importer(815301076,1909f56bfc062723c751e8b465ee728b)
Start importing Assets/sprites/Blue Note.png using Guid(17e1817fcb23ee54db28f0e4d9db7b7a) Importer(815301076,1909f56bfc062723c751e8b465ee728b)  -> (artifact id: '31f83e677d5b6e3203d154c722c6e3fa') in 0.024065 seconds 
  Import took 0.031430 seconds .

========================================================================
Received Import Request.
  Time since last request: 0.000241 seconds.
  path: Assets/sprites/Ellipse 1.png
  artifactKey: Guid(6dffcf88ca86ed04c938e8f011b0948a) Importer(815301076,1909f56bfc062723c751e8b465ee728b)
Start importing Assets/sprites/Ellipse 1.png using Guid(6dffcf88ca86ed04c938e8f011b0948a) Importer(815301076,1909f56bfc062723c751e8b465ee728b)  -> (artifact id: '575e6c5aa4d99bf2db6783da29645c71') in 0.020026 seconds 
  Import took 0.027352 seconds .

========================================================================
Received Import Request.
  Time since last request: 0.000230 seconds.
  path: Assets/sprites/Glow Map.png
  artifactKey: Guid(9352751f92c0dbe4ba364db7c8dc4930) Importer(815301076,1909f56bfc062723c751e8b465ee728b)
Start importing Assets/sprites/Glow Map.png using Guid(9352751f92c0dbe4ba364db7c8dc4930) Importer(815301076,1909f56bfc062723c751e8b465ee728b)  -> (artifact id: '002c42018ef0215557d7362f69379626') in 0.020967 seconds 
  Import took 0.028411 seconds .

========================================================================
Received Import Request.
  Time since last request: 0.000299 seconds.
  path: Assets/sprites/White Empty Circle.png
  artifactKey: Guid(7c6c6c6e6114ed54e9be0f3d36396163) Importer(815301076,1909f56bfc062723c751e8b465ee728b)
Start importing Assets/sprites/White Empty Circle.png using Guid(7c6c6c6e6114ed54e9be0f3d36396163) Importer(815301076,1909f56bfc062723c751e8b465ee728b)  -> (artifact id: 'd8f76e70c4fb1589cd00b4d5d8b018a0') in 0.044851 seconds 
  Import took 0.053304 seconds .

========================================================================
Received Import Request.
  Time since last request: 0.000225 seconds.
  path: Assets/fonts/good times rg.ttf
  artifactKey: Guid(bd8df7fd44a5bb64fad254393c11c0c4) Importer(815301076,1909f56bfc062723c751e8b465ee728b)
Start importing Assets/fonts/good times rg.ttf using Guid(bd8df7fd44a5bb64fad254393c11c0c4) Importer(815301076,1909f56bfc062723c751e8b465ee728b)  -> (artifact id: 'ac997a490f753821f747b288f88238f4') in 0.045794 seconds 
  Import took 0.052395 seconds .

========================================================================
Received Import Request.
  Time since last request: 0.000236 seconds.
  path: Assets/materials/Blue Glow.mat
  artifactKey: Guid(7ad869409adb86747bc243e4af282510) Importer(815301076,1909f56bfc062723c751e8b465ee728b)
Start importing Assets/materials/Blue Glow.mat using Guid(7ad869409adb86747bc243e4af282510) Importer(815301076,1909f56bfc062723c751e8b465ee728b)  -> (artifact id: '401c2423aa7cbff433e097733f5ad4d8') in 0.024726 seconds 
  Import took 0.031665 seconds .

========================================================================
Received Import Request.
  Time since last request: 0.000237 seconds.
  path: Assets/sprites/Background.png
  artifactKey: Guid(6f449f1575ae3b9478ac4279aa39885c) Importer(815301076,1909f56bfc062723c751e8b465ee728b)
Start importing Assets/sprites/Background.png using Guid(6f449f1575ae3b9478ac4279aa39885c) Importer(815301076,1909f56bfc062723c751e8b465ee728b)  -> (artifact id: 'b8d7763834f5afef44680718324a0ac5') in 0.018052 seconds 
  Import took 0.025014 seconds .

========================================================================
Received Import Request.
  Time since last request: 0.000228 seconds.
  path: Assets/sprites/Blue Spam Note.png
  artifactKey: Guid(8c1cd25bdb1aa9b47a6f2e5ad0e91012) Importer(815301076,1909f56bfc062723c751e8b465ee728b)
Start importing Assets/sprites/Blue Spam Note.png using Guid(8c1cd25bdb1aa9b47a6f2e5ad0e91012) Importer(815301076,1909f56bfc062723c751e8b465ee728b)  -> (artifact id: 'd4bda75c21de18794b8f90452620bf55') in 0.021557 seconds 
  Import took 0.028115 seconds .

========================================================================
Received Import Request.
  Time since last request: 0.000248 seconds.
  path: Assets/materials/Orange Glow Spam.mat
  artifactKey: Guid(52ddc6dc60e2fb041a9e27a63e6e6479) Importer(815301076,1909f56bfc062723c751e8b465ee728b)
Start importing Assets/materials/Orange Glow Spam.mat using Guid(52ddc6dc60e2fb041a9e27a63e6e6479) Importer(815301076,1909f56bfc062723c751e8b465ee728b)  -> (artifact id: '256e379855ac18ea83f8b5488aa56059') in 0.021798 seconds 
  Import took 0.028680 seconds .

========================================================================
Received Import Request.
  Time since last request: 0.000239 seconds.
  path: Assets/materials/Orange Glow Arrow.mat
  artifactKey: Guid(9c9c48afad646634eb6555102b05e1bb) Importer(815301076,1909f56bfc062723c751e8b465ee728b)
Start importing Assets/materials/Orange Glow Arrow.mat using Guid(9c9c48afad646634eb6555102b05e1bb) Importer(815301076,1909f56bfc062723c751e8b465ee728b)  -> (artifact id: '9dc4a88e6c0e6aee9b7cb641219804d7') in 0.022321 seconds 
  Import took 0.029206 seconds .

========================================================================
Received Import Request.
  Time since last request: 0.000236 seconds.
  path: Assets/sprites/Orange Spam Note (Fixed).psd
  artifactKey: Guid(fa242c2493628e644bf3738721131314) Importer(815301076,1909f56bfc062723c751e8b465ee728b)
Start importing Assets/sprites/Orange Spam Note (Fixed).psd using Guid(fa242c2493628e644bf3738721131314) Importer(815301076,1909f56bfc062723c751e8b465ee728b)  -> (artifact id: 'f2792bd4b4d70cf504a1edde86ae53a1') in 0.019367 seconds 
  Import took 0.026297 seconds .

========================================================================
Received Import Request.
  Time since last request: 0.000233 seconds.
  path: Assets/prefabs/Blue Note (1).prefab
  artifactKey: Guid(ab23a7662d43c9f4da0b876d781bfae9) Importer(815301076,1909f56bfc062723c751e8b465ee728b)
Start importing Assets/prefabs/Blue Note (1).prefab using Guid(ab23a7662d43c9f4da0b876d781bfae9) Importer(815301076,1909f56bfc062723c751e8b465ee728b)  -> (artifact id: '5da8f4186c4571ee56ced390a2adc1f9') in 0.040893 seconds 
  Import took 0.047559 seconds .

========================================================================
Received Import Request.
  Time since last request: 0.000341 seconds.
  path: Assets/prefabs/Blue Spam Note.prefab
  artifactKey: Guid(5ed9d3001f9790740ad6626caed3bfd8) Importer(815301076,1909f56bfc062723c751e8b465ee728b)
Start importing Assets/prefabs/Blue Spam Note.prefab using Guid(5ed9d3001f9790740ad6626caed3bfd8) Importer(815301076,1909f56bfc062723c751e8b465ee728b)  -> (artifact id: '87137733e74deef370f1cf3cea2a9737') in 0.022032 seconds 
  Import took 0.028851 seconds .

========================================================================
Received Import Request.
  Time since last request: 0.000238 seconds.
  path: Assets/render/Pipeline Asset_Renderer.asset
  artifactKey: Guid(72fc41706e9c24f4bba55b96ca06b3b9) Importer(815301076,1909f56bfc062723c751e8b465ee728b)
Start importing Assets/render/Pipeline Asset_Renderer.asset using Guid(72fc41706e9c24f4bba55b96ca06b3b9) Importer(815301076,1909f56bfc062723c751e8b465ee728b)  -> (artifact id: 'd7574e46bfc1905f5f8083a545a20608') in 0.009760 seconds 
  Import took 0.016343 seconds .

========================================================================
Received Import Request.
  Time since last request: 0.000245 seconds.
  path: Assets/sprites/Orange Note.png
  artifactKey: Guid(c5f2f3eaff512054bb3395848aa031a2) Importer(815301076,1909f56bfc062723c751e8b465ee728b)
Start importing Assets/sprites/Orange Note.png using Guid(c5f2f3eaff512054bb3395848aa031a2) Importer(815301076,1909f56bfc062723c751e8b465ee728b)  -> (artifact id: 'bb31f700ce9b8945450f1bbf7564a745') in 0.020471 seconds 
  Import took 0.027583 seconds .

========================================================================
Received Import Request.
  Time since last request: 0.000275 seconds.
  path: Assets/render/Pipeline Asset.asset
  artifactKey: Guid(6a71f50c3bf679f478b0e35ca2335f49) Importer(815301076,1909f56bfc062723c751e8b465ee728b)
Start importing Assets/render/Pipeline Asset.asset using Guid(6a71f50c3bf679f478b0e35ca2335f49) Importer(815301076,1909f56bfc062723c751e8b465ee728b)  -> (artifact id: '332e7153ed54824556cec79842a7a1ce') in 0.012652 seconds 
  Import took 0.020026 seconds .

========================================================================
Received Import Request.
  Time since last request: 0.000249 seconds.
  path: Assets/sprites/Blue Note Turn.png
  artifactKey: Guid(ae5d8e12a5945f54ab43e96cea534603) Importer(815301076,1909f56bfc062723c751e8b465ee728b)
Start importing Assets/sprites/Blue Note Turn.png using Guid(ae5d8e12a5945f54ab43e96cea534603) Importer(815301076,1909f56bfc062723c751e8b465ee728b)  -> (artifact id: '1be7f907836df36d3ac9c0059367b771') in 0.024195 seconds 
  Import took 0.031702 seconds .

========================================================================
Received Import Request.
  Time since last request: 0.000230 seconds.
  path: Assets/prefabs/Blue Note Turn (1).prefab
  artifactKey: Guid(2e3ce0a4c493ea941bb2fd76ee78fdf6) Importer(815301076,1909f56bfc062723c751e8b465ee728b)
Start importing Assets/prefabs/Blue Note Turn (1).prefab using Guid(2e3ce0a4c493ea941bb2fd76ee78fdf6) Importer(815301076,1909f56bfc062723c751e8b465ee728b)  -> (artifact id: 'c61e4aaab2e714084281395e90229d75') in 0.032512 seconds 
  Import took 0.039802 seconds .

========================================================================
Received Import Request.
  Time since last request: 0.000236 seconds.
  path: Assets/prefabs/Orange Note Turn (Fixed).prefab
  artifactKey: Guid(0146c2150b7a8eb418e4546115a816a9) Importer(815301076,1909f56bfc062723c751e8b465ee728b)
Start importing Assets/prefabs/Orange Note Turn (Fixed).prefab using Guid(0146c2150b7a8eb418e4546115a816a9) Importer(815301076,1909f56bfc062723c751e8b465ee728b)  -> (artifact id: 'aa1af95daae95f252cfae459ac96c684') in 0.022766 seconds 
  Import took 0.029831 seconds .

========================================================================
Received Import Request.
  Time since last request: 0.000266 seconds.
  path: Assets/prefabs/Orange Note (Fixed).prefab
  artifactKey: Guid(ed73ac3d2c82e9c438cf2663e56d7452) Importer(815301076,1909f56bfc062723c751e8b465ee728b)
Start importing Assets/prefabs/Orange Note (Fixed).prefab using Guid(ed73ac3d2c82e9c438cf2663e56d7452) Importer(815301076,1909f56bfc062723c751e8b465ee728b)  -> (artifact id: '728fc406f0badcd4b34130159569f504') in 0.021528 seconds 
  Import took 0.028954 seconds .

========================================================================
Received Import Request.
  Time since last request: 17.033617 seconds.
  path: Assets/sprites/circleR.png
  artifactKey: Guid(e758cfee64132504ea407f3c5da438cb) Importer(815301076,1909f56bfc062723c751e8b465ee728b)
Start importing Assets/sprites/circleR.png using Guid(e758cfee64132504ea407f3c5da438cb) Importer(815301076,1909f56bfc062723c751e8b465ee728b)  -> (artifact id: '71a9da947e83733a16d0f3c403383f3a') in 0.016977 seconds 
  Import took 0.024706 seconds .

========================================================================
Received Import Request.
  Time since last request: 0.000236 seconds.
  path: Assets/sprites/trashcan.png
  artifactKey: Guid(a2306105388b7c84fbe81d1e44ab5edc) Importer(815301076,1909f56bfc062723c751e8b465ee728b)
Start importing Assets/sprites/trashcan.png using Guid(a2306105388b7c84fbe81d1e44ab5edc) Importer(815301076,1909f56bfc062723c751e8b465ee728b)  -> (artifact id: 'e90a0d225f4630f33a1ec02a5ea91af9') in 0.016378 seconds 
  Import took 0.023207 seconds .

========================================================================
Received Import Request.
  Time since last request: 0.000302 seconds.
  path: Assets/sprites/shutdown.png
  artifactKey: Guid(c9d339aed9b8e1e43999d2265fda45ac) Importer(815301076,1909f56bfc062723c751e8b465ee728b)
Start importing Assets/sprites/shutdown.png using Guid(c9d339aed9b8e1e43999d2265fda45ac) Importer(815301076,1909f56bfc062723c751e8b465ee728b)  -> (artifact id: 'aa624a8285aa2c85ab7ae742cd4eebb5') in 0.020383 seconds 
  Import took 0.028761 seconds .

========================================================================
Received Import Request.
  Time since last request: 0.000240 seconds.
  path: Assets/sprites/squareR.png
  artifactKey: Guid(920e1a44dd95bdb408720be2d6d69113) Importer(815301076,1909f56bfc062723c751e8b465ee728b)
Start importing Assets/sprites/squareR.png using Guid(920e1a44dd95bdb408720be2d6d69113) Importer(815301076,1909f56bfc062723c751e8b465ee728b)  -> (artifact id: 'dba1147a55caab6f6522ace2f78e3b34') in 0.022162 seconds 
  Import took 0.029124 seconds .

========================================================================
Received Import Request.
  Time since last request: 0.000239 seconds.
  path: Assets/sprites/newton.png
  artifactKey: Guid(b74c713244e9a6442a0f8bbb9faa90b6) Importer(815301076,1909f56bfc062723c751e8b465ee728b)
Start importing Assets/sprites/newton.png using Guid(b74c713244e9a6442a0f8bbb9faa90b6) Importer(815301076,1909f56bfc062723c751e8b465ee728b)  -> (artifact id: '976af4b9743b6de6119d95bcf22e8812') in 0.018938 seconds 
  Import took 0.025959 seconds .

========================================================================
Received Import Request.
  Time since last request: 0.000265 seconds.
  path: Assets/sprites/login box.png
  artifactKey: Guid(9162bdf0a853fd143a9120a788365611) Importer(815301076,1909f56bfc062723c751e8b465ee728b)
Start importing Assets/sprites/login box.png using Guid(9162bdf0a853fd143a9120a788365611) Importer(815301076,1909f56bfc062723c751e8b465ee728b)  -> (artifact id: '3d3153d49d3d2f5e70a3a8b96bcbe1d0') in 0.018599 seconds 
  Import took 0.025755 seconds .

========================================================================
Received Import Request.
  Time since last request: 0.000266 seconds.
  path: Assets/sprites/start_button.png
  artifactKey: Guid(3a247bb8ba3fe704eb4db7488f91eb85) Importer(815301076,1909f56bfc062723c751e8b465ee728b)
Start importing Assets/sprites/start_button.png using Guid(3a247bb8ba3fe704eb4db7488f91eb85) Importer(815301076,1909f56bfc062723c751e8b465ee728b)  -> (artifact id: '8fc11dd6536d7fb0ea640002b5a8249d') in 0.023242 seconds 
  Import took 0.030135 seconds .

========================================================================
Received Import Request.
  Time since last request: 0.000248 seconds.
  path: Assets/sprites/triangleR.png
  artifactKey: Guid(621772e5609336746819d3d7b34933c9) Importer(815301076,1909f56bfc062723c751e8b465ee728b)
Start importing Assets/sprites/triangleR.png using Guid(621772e5609336746819d3d7b34933c9) Importer(815301076,1909f56bfc062723c751e8b465ee728b)  -> (artifact id: '983d0e55a6cad29b016c6ebf814795f4') in 0.022778 seconds 
  Import took 0.029744 seconds .

========================================================================
Received Import Request.
  Time since last request: 0.000251 seconds.
  path: Assets/sprites/extend button.png
  artifactKey: Guid(dd15518347f0e8748b812f34d19c4614) Importer(815301076,1909f56bfc062723c751e8b465ee728b)
Start importing Assets/sprites/extend button.png using Guid(dd15518347f0e8748b812f34d19c4614) Importer(815301076,1909f56bfc062723c751e8b465ee728b)  -> (artifact id: '7411a7d3f635ddc0b409ec3988ef6a74') in 0.016008 seconds 
  Import took 0.023080 seconds .

========================================================================
Received Import Request.
  Time since last request: 0.000251 seconds.
  path: Assets/sprites/newton2.png
  artifactKey: Guid(649bfb25a8df2344e896e9561e69f011) Importer(815301076,1909f56bfc062723c751e8b465ee728b)
Start importing Assets/sprites/newton2.png using Guid(649bfb25a8df2344e896e9561e69f011) Importer(815301076,1909f56bfc062723c751e8b465ee728b)  -> (artifact id: 'b74f8f9fa1122a8d048483f9f7387d4e') in 0.023763 seconds 
  Import took 0.030919 seconds .

========================================================================
Received Import Request.
  Time since last request: 0.000253 seconds.
  path: Assets/sprites/newton3.png
  artifactKey: Guid(4ee55f827adb632458bd94ad41c63562) Importer(815301076,1909f56bfc062723c751e8b465ee728b)
Start importing Assets/sprites/newton3.png using Guid(4ee55f827adb632458bd94ad41c63562) Importer(815301076,1909f56bfc062723c751e8b465ee728b)  -> (artifact id: 'db4c23baac343b5cba86d00d4c22c73a') in 0.018409 seconds 
  Import took 0.025664 seconds .

========================================================================
Received Import Request.
  Time since last request: 0.000275 seconds.
  path: Assets/sprites/mycomputer.png
  artifactKey: Guid(b6d24969fc0267249b1c906aba645c24) Importer(815301076,1909f56bfc062723c751e8b465ee728b)
Start importing Assets/sprites/mycomputer.png using Guid(b6d24969fc0267249b1c906aba645c24) Importer(815301076,1909f56bfc062723c751e8b465ee728b)  -> (artifact id: 'b85ac9bdd4480079c73ffc73cd852fa9') in 0.017662 seconds 
  Import took 0.024828 seconds .

========================================================================
Received Import Request.
  Time since last request: 0.000265 seconds.
  path: Assets/sprites/task_bar.png
  artifactKey: Guid(fbb814a1c59474644b8225801f0b9b52) Importer(815301076,1909f56bfc062723c751e8b465ee728b)
Start importing Assets/sprites/task_bar.png using Guid(fbb814a1c59474644b8225801f0b9b52) Importer(815301076,1909f56bfc062723c751e8b465ee728b)  -> (artifact id: '136d730338a487faa5d6629e4e51fde0') in 0.015804 seconds 
  Import took 0.023072 seconds .

========================================================================
Received Import Request.
  Time since last request: 0.000269 seconds.
  path: Assets/sprites/newton4.png
  artifactKey: Guid(d93cd658e34c66e4cb1645c19055e258) Importer(815301076,1909f56bfc062723c751e8b465ee728b)
Start importing Assets/sprites/newton4.png using Guid(d93cd658e34c66e4cb1645c19055e258) Importer(815301076,1909f56bfc062723c751e8b465ee728b)  -> (artifact id: '92e927e84476f360f7e200744a6cf369') in 0.019026 seconds 
  Import took 0.026214 seconds .

========================================================================
Received Import Request.
  Time since last request: 0.000273 seconds.
  path: Assets/sprites/window_7_plane.png
  artifactKey: Guid(ccdf263aad591d344ab07bb8b2454399) Importer(815301076,1909f56bfc062723c751e8b465ee728b)
Start importing Assets/sprites/window_7_plane.png using Guid(ccdf263aad591d344ab07bb8b2454399) Importer(815301076,1909f56bfc062723c751e8b465ee728b)  -> (artifact id: 'dc21780f503471a1dc5911e3c05f2117') in 0.023012 seconds 
  Import took 0.030037 seconds .

AssetImportWorkerClient::OnTransportError - code=2 error=End of file
