Using pre-set license
Built from '2020.3/release' branch; Version is '2020.3.12f1 (b3b2c6512326) revision 11776710'; Using compiler version '192528614'; Build Type 'Release'
OS: 'Windows 10 Home; OS build 19042.1165; Version 2009; 64bit' Language: 'en' Physical Memory: 16250 MB
BatchMode: 1, IsHumanControllingUs: 0, StartBugReporterOnCrash: 0, Is64bit: 1, IsPro: 0

 COMMAND LINE ARGUMENTS:
C:\Program Files\Unity Editor\2020.3.12f1\Editor\Unity.exe
-adb2
-batchMode
-noUpm
-name
AssetImportWorker0
-projectPath
C:/Users/Allan/Documents/GitHub/CAS-Project/Cas Project Unity
-logFile
Logs/AssetImportWorker0.log
-srvPort
64233
Successfully changed project path to: C:/Users/Allan/Documents/GitHub/CAS-Project/Cas Project Unity
C:/Users/Allan/Documents/GitHub/CAS-Project/Cas Project Unity
Using Asset Import Pipeline V2.
Refreshing native plugins compatible for Editor in 59.90 ms, found 3 plugins.
Preloading 0 native plugins for Editor in 0.00 ms.
Initialize engine version: 2020.3.12f1 (b3b2c6512326)
[Subsystems] Discovering subsystems at path C:/Program Files/Unity Editor/2020.3.12f1/Editor/Data/Resources/UnitySubsystems
[Subsystems] Discovering subsystems at path C:/Users/Allan/Documents/GitHub/CAS-Project/Cas Project Unity/Assets
GfxDevice: creating device client; threaded=0
Direct3D:
    Version:  Direct3D 11.0 [level 11.1]
    Renderer: NVIDIA GeForce GTX 1070 with Max-Q Design (ID=0x1ba1)
    Vendor:   
    VRAM:     8082 MB
    Driver:   30.0.14.7141
Shader 'Universal Render Pipeline/Particles/Lit': fallback shader 'Universal Render Pipeline/Particles/SimpleLit' not found
Initialize mono
Mono path[0] = 'C:/Program Files/Unity Editor/2020.3.12f1/Editor/Data/Managed'
Mono path[1] = 'C:/Program Files/Unity Editor/2020.3.12f1/Editor/Data/MonoBleedingEdge/lib/mono/unityjit'
Mono config path = 'C:/Program Files/Unity Editor/2020.3.12f1/Editor/Data/MonoBleedingEdge/etc'
Using monoOptions --debugger-agent=transport=dt_socket,embedding=1,server=y,suspend=n,address=127.0.0.1:56048
Begin MonoManager ReloadAssembly
Registering precompiled unity dll's ...
Register platform support module: C:/Program Files/Unity Editor/2020.3.12f1/Editor/Data/PlaybackEngines/WindowsStandaloneSupport/UnityEditor.WindowsStandalone.Extensions.dll
Registered in 0.002102 seconds.
Native extension for WindowsStandalone target not found
Refreshing native plugins compatible for Editor in 57.56 ms, found 3 plugins.
Preloading 0 native plugins for Editor in 0.00 ms.
Mono: successfully reloaded assembly
- Completed reload, in  1.063 seconds
Platform modules already initialized, skipping
Registering precompiled user dll's ...
Registered in 0.005241 seconds.
Begin MonoManager ReloadAssembly
Native extension for WindowsStandalone target not found
Refreshing native plugins compatible for Editor in 59.91 ms, found 3 plugins.
Preloading 0 native plugins for Editor in 0.00 ms.
Mono: successfully reloaded assembly
- Completed reload, in  1.142 seconds
Platform modules already initialized, skipping
========================================================================
Worker process is ready to serve import requests
Shader 'Universal Render Pipeline/Particles/Lit': fallback shader 'Universal Render Pipeline/Particles/SimpleLit' not found
Launched and connected shader compiler UnityShaderCompiler.exe after 0.04 seconds
Refreshing native plugins compatible for Editor in 0.61 ms, found 3 plugins.
Preloading 0 native plugins for Editor in 0.00 ms.
Unloading 3277 Unused Serialized files (Serialized files now loaded: 0)
System memory in use before: 143.9 MB.
System memory in use after: 143.9 MB.

Unloading 34 unused Assets to reduce memory usage. Loaded Objects now: 3710.
Total: 2.730100 ms (FindLiveObjects: 0.308800 ms CreateObjectMapping: 0.128300 ms MarkObjects: 2.156300 ms  DeleteObjects: 0.135600 ms)

AssetImportParameters requested are different than current active one (requested -> active):
  custom:framework-win-MediaFoundation: 216162199b28c13a410421893ffa2e32 -> 
  custom:video-decoder-ogg-theora: a1e56fd34408186e4bbccfd4996cb3dc -> 
  custom:container-muxer-webm: aa71ff27fc2769a1b78a27578f13a17b -> 
  custom:container-demuxer-webm: 4f35f7cbe854078d1ac9338744f61a02 -> 
  custom:container-demuxer-ogg: 62fdf1f143b41e24485cea50d1cbac27 -> 
  custom:video-encoder-webm-vp8: eb34c28f22e8b96e1ab97ce403110664 -> 
  custom:video-codec-MediaFoundation-h265: 746d11721c4dcdbdad8f713fa42b33f4 -> 
  custom:video-decoder-webm-vp8: 9c59270c3fd7afecdb556c50c9e8de78 -> 
  custom:audio-decoder-ogg-vorbis: bf7c407c2cedff20999df2af8eb42d56 -> 
  custom:audio-encoder-webm-vorbis: bf7c407c2cedff20999df2af8eb42d56 -> 
========================================================================
Received Import Request.
  path: Assets/sprites/trashcan.png
  artifactKey: Guid(a2306105388b7c84fbe81d1e44ab5edc) Importer(815301076,1909f56bfc062723c751e8b465ee728b)
Start importing Assets/sprites/trashcan.png using Guid(a2306105388b7c84fbe81d1e44ab5edc) Importer(815301076,1909f56bfc062723c751e8b465ee728b)  -> (artifact id: '3a801210e6d56c3300852d5ec10b4d6f') in 0.113572 seconds 
  Import took 0.118259 seconds .

========================================================================
Received Import Request.
  Time since last request: 0.000314 seconds.
  path: Assets/sprites/shutdown.png
  artifactKey: Guid(c9d339aed9b8e1e43999d2265fda45ac) Importer(815301076,1909f56bfc062723c751e8b465ee728b)
Start importing Assets/sprites/shutdown.png using Guid(c9d339aed9b8e1e43999d2265fda45ac) Importer(815301076,1909f56bfc062723c751e8b465ee728b)  -> (artifact id: '2102c7d9334e404d6303a03020f6c866') in 0.014987 seconds 
  Import took 0.019964 seconds .

========================================================================
Received Import Request.
  Time since last request: 0.000314 seconds.
  path: Assets/sprites/squareR.png
  artifactKey: Guid(920e1a44dd95bdb408720be2d6d69113) Importer(815301076,1909f56bfc062723c751e8b465ee728b)
Start importing Assets/sprites/squareR.png using Guid(920e1a44dd95bdb408720be2d6d69113) Importer(815301076,1909f56bfc062723c751e8b465ee728b)  -> (artifact id: '04bf26033c9a85040441683347886382') in 0.011520 seconds 
  Import took 0.018225 seconds .

========================================================================
Received Import Request.
  Time since last request: 0.000486 seconds.
  path: Assets/sprites/newton.png
  artifactKey: Guid(b74c713244e9a6442a0f8bbb9faa90b6) Importer(815301076,1909f56bfc062723c751e8b465ee728b)
Start importing Assets/sprites/newton.png using Guid(b74c713244e9a6442a0f8bbb9faa90b6) Importer(815301076,1909f56bfc062723c751e8b465ee728b)  -> (artifact id: 'efd5efcc9f1a54e9ce99aecd8f3af651') in 0.014476 seconds 
  Import took 0.019679 seconds .

========================================================================
Received Import Request.
  Time since last request: 0.000301 seconds.
  path: Assets/sprites/login box.png
  artifactKey: Guid(9162bdf0a853fd143a9120a788365611) Importer(815301076,1909f56bfc062723c751e8b465ee728b)
Start importing Assets/sprites/login box.png using Guid(9162bdf0a853fd143a9120a788365611) Importer(815301076,1909f56bfc062723c751e8b465ee728b)  -> (artifact id: 'ad084a0f84964ac3310163cf99d27814') in 0.012320 seconds 
  Import took 0.018736 seconds .

========================================================================
Received Import Request.
  Time since last request: 0.000477 seconds.
  path: Assets/sprites/start_button.png
  artifactKey: Guid(3a247bb8ba3fe704eb4db7488f91eb85) Importer(815301076,1909f56bfc062723c751e8b465ee728b)
Start importing Assets/sprites/start_button.png using Guid(3a247bb8ba3fe704eb4db7488f91eb85) Importer(815301076,1909f56bfc062723c751e8b465ee728b)  -> (artifact id: '968d878c94da3d9b735885452c196869') in 0.013395 seconds 
  Import took 0.019296 seconds .

========================================================================
Received Import Request.
  Time since last request: 0.000288 seconds.
  path: Assets/sprites/triangleR.png
  artifactKey: Guid(621772e5609336746819d3d7b34933c9) Importer(815301076,1909f56bfc062723c751e8b465ee728b)
Start importing Assets/sprites/triangleR.png using Guid(621772e5609336746819d3d7b34933c9) Importer(815301076,1909f56bfc062723c751e8b465ee728b)  -> (artifact id: '34de331a3d30416603e1e0ae7707f20f') in 0.012619 seconds 
  Import took 0.017605 seconds .

========================================================================
Received Import Request.
  Time since last request: 0.000327 seconds.
  path: Assets/sprites/extend button.png
  artifactKey: Guid(dd15518347f0e8748b812f34d19c4614) Importer(815301076,1909f56bfc062723c751e8b465ee728b)
Start importing Assets/sprites/extend button.png using Guid(dd15518347f0e8748b812f34d19c4614) Importer(815301076,1909f56bfc062723c751e8b465ee728b)  -> (artifact id: 'cc32fa17c9b7f6c3f79e3be76df912c2') in 0.014929 seconds 
  Import took 0.020735 seconds .

========================================================================
Received Import Request.
  Time since last request: 0.000273 seconds.
  path: Assets/sprites/newton2.png
  artifactKey: Guid(649bfb25a8df2344e896e9561e69f011) Importer(815301076,1909f56bfc062723c751e8b465ee728b)
Start importing Assets/sprites/newton2.png using Guid(649bfb25a8df2344e896e9561e69f011) Importer(815301076,1909f56bfc062723c751e8b465ee728b)  -> (artifact id: '86c265b75e05ddac0eacde85665ce7c6') in 0.013059 seconds 
  Import took 0.020931 seconds .

========================================================================
Received Import Request.
  Time since last request: 0.000237 seconds.
  path: Assets/sprites/newton3.png
  artifactKey: Guid(4ee55f827adb632458bd94ad41c63562) Importer(815301076,1909f56bfc062723c751e8b465ee728b)
Start importing Assets/sprites/newton3.png using Guid(4ee55f827adb632458bd94ad41c63562) Importer(815301076,1909f56bfc062723c751e8b465ee728b)  -> (artifact id: 'b7b850d5ed995bbbbaacb86ae1bbe1b9') in 0.013269 seconds 
  Import took 0.018751 seconds .

========================================================================
Received Import Request.
  Time since last request: 0.000218 seconds.
  path: Assets/sprites/mycomputer.png
  artifactKey: Guid(b6d24969fc0267249b1c906aba645c24) Importer(815301076,1909f56bfc062723c751e8b465ee728b)
Start importing Assets/sprites/mycomputer.png using Guid(b6d24969fc0267249b1c906aba645c24) Importer(815301076,1909f56bfc062723c751e8b465ee728b)  -> (artifact id: 'c58fe6c538825ef92675d58c60a26d9e') in 0.012464 seconds 
  Import took 0.018000 seconds .

========================================================================
Received Import Request.
  Time since last request: 0.000290 seconds.
  path: Assets/sprites/task_bar.png
  artifactKey: Guid(fbb814a1c59474644b8225801f0b9b52) Importer(815301076,1909f56bfc062723c751e8b465ee728b)
Start importing Assets/sprites/task_bar.png using Guid(fbb814a1c59474644b8225801f0b9b52) Importer(815301076,1909f56bfc062723c751e8b465ee728b)  -> (artifact id: 'ca960ee6b24b8a37e7d67e96afd89cd9') in 0.013081 seconds 
  Import took 0.018400 seconds .

========================================================================
Received Import Request.
  Time since last request: 0.000270 seconds.
  path: Assets/sprites/circleR.png
  artifactKey: Guid(e758cfee64132504ea407f3c5da438cb) Importer(815301076,1909f56bfc062723c751e8b465ee728b)
Start importing Assets/sprites/circleR.png using Guid(e758cfee64132504ea407f3c5da438cb) Importer(815301076,1909f56bfc062723c751e8b465ee728b)  -> (artifact id: 'b11a0e4e6c8acb950ba380bfb999bd97') in 0.013418 seconds 
  Import took 0.018751 seconds .

========================================================================
Received Import Request.
  Time since last request: 0.000222 seconds.
  path: Assets/sprites/newton4.png
  artifactKey: Guid(d93cd658e34c66e4cb1645c19055e258) Importer(815301076,1909f56bfc062723c751e8b465ee728b)
Start importing Assets/sprites/newton4.png using Guid(d93cd658e34c66e4cb1645c19055e258) Importer(815301076,1909f56bfc062723c751e8b465ee728b)  -> (artifact id: '554fdb707b301f0bca3f84b1246d6dcc') in 0.013292 seconds 
  Import took 0.019508 seconds .

========================================================================
Received Import Request.
  Time since last request: 0.000332 seconds.
  path: Assets/sprites/window_7_plane.png
  artifactKey: Guid(ccdf263aad591d344ab07bb8b2454399) Importer(815301076,1909f56bfc062723c751e8b465ee728b)
Start importing Assets/sprites/window_7_plane.png using Guid(ccdf263aad591d344ab07bb8b2454399) Importer(815301076,1909f56bfc062723c751e8b465ee728b)  -> (artifact id: 'dab76e167719f34b50880301a519eb05') in 0.016247 seconds 
  Import took 0.024999 seconds .

========================================================================
Received Import Request.
  Time since last request: 516.793087 seconds.
  path: Packages/com.unity.render-pipelines.universal/Runtime/Materials/Lit.mat
  artifactKey: Guid(31321ba15b8f8eb4c954353edc038b1d) Importer(815301076,1909f56bfc062723c751e8b465ee728b)
Start importing Packages/com.unity.render-pipelines.universal/Runtime/Materials/Lit.mat using Guid(31321ba15b8f8eb4c954353edc038b1d) Importer(815301076,1909f56bfc062723c751e8b465ee728b)  -> (artifact id: 'decebcde3571f297426f972e68bb685c') in 0.178534 seconds 
  Import took 0.185950 seconds .

========================================================================
Received Import Request.
  Time since last request: 0.000358 seconds.
  path: Packages/com.unity.render-pipelines.universal/Runtime/Materials/ParticlesUnlit.mat
  artifactKey: Guid(e823cd5b5d27c0f4b8256e7c12ee3e6d) Importer(815301076,1909f56bfc062723c751e8b465ee728b)
Start importing Packages/com.unity.render-pipelines.universal/Runtime/Materials/ParticlesUnlit.mat using Guid(e823cd5b5d27c0f4b8256e7c12ee3e6d) Importer(815301076,1909f56bfc062723c751e8b465ee728b)  -> (artifact id: '2649512ce46e20e8f81dab68f226f4ef') in 0.015702 seconds 
  Import took 0.021375 seconds .

========================================================================
Received Import Request.
  Time since last request: 0.000360 seconds.
  path: Packages/com.unity.render-pipelines.universal/Runtime/Materials/Lit.mat
  artifactKey: Guid(31321ba15b8f8eb4c954353edc038b1d) Importer(815301076,1909f56bfc062723c751e8b465ee728b)
Start importing Packages/com.unity.render-pipelines.universal/Runtime/Materials/Lit.mat using Guid(31321ba15b8f8eb4c954353edc038b1d) Importer(815301076,1909f56bfc062723c751e8b465ee728b)  -> (artifact id: 'decebcde3571f297426f972e68bb685c') in 0.008208 seconds 
  Import took 0.014273 seconds .

========================================================================
Received Import Request.
  Time since last request: 0.000266 seconds.
  path: Packages/com.unity.render-pipelines.universal/Runtime/Materials/ParticlesUnlit.mat
  artifactKey: Guid(e823cd5b5d27c0f4b8256e7c12ee3e6d) Importer(815301076,1909f56bfc062723c751e8b465ee728b)
Start importing Packages/com.unity.render-pipelines.universal/Runtime/Materials/ParticlesUnlit.mat using Guid(e823cd5b5d27c0f4b8256e7c12ee3e6d) Importer(815301076,1909f56bfc062723c751e8b465ee728b)  -> (artifact id: '2649512ce46e20e8f81dab68f226f4ef') in 0.008807 seconds 
  Import took 0.014498 seconds .

========================================================================
Received Prepare
Registering precompiled user dll's ...
Registered in 0.007380 seconds.
Begin MonoManager ReloadAssembly
Native extension for WindowsStandalone target not found
Refreshing native plugins compatible for Editor in 0.94 ms, found 3 plugins.
Preloading 0 native plugins for Editor in 0.00 ms.
Mono: successfully reloaded assembly
- Completed reload, in  1.161 seconds
Platform modules already initialized, skipping
Shader 'Universal Render Pipeline/Particles/Lit': fallback shader 'Universal Render Pipeline/Particles/SimpleLit' not found
Refreshing native plugins compatible for Editor in 0.78 ms, found 3 plugins.
Preloading 0 native plugins for Editor in 0.00 ms.
Unloading 3151 Unused Serialized files (Serialized files now loaded: 0)
System memory in use before: 140.9 MB.
System memory in use after: 141.0 MB.

Unloading 23 unused Assets to reduce memory usage. Loaded Objects now: 3803.
Total: 2.875900 ms (FindLiveObjects: 0.316500 ms CreateObjectMapping: 0.119400 ms MarkObjects: 2.314100 ms  DeleteObjects: 0.124900 ms)

AssetImportParameters requested are different than current active one (requested -> active):
  custom:framework-win-MediaFoundation: 216162199b28c13a410421893ffa2e32 -> 
  custom:video-decoder-ogg-theora: a1e56fd34408186e4bbccfd4996cb3dc -> 
  custom:container-muxer-webm: aa71ff27fc2769a1b78a27578f13a17b -> 
  custom:container-demuxer-webm: 4f35f7cbe854078d1ac9338744f61a02 -> 
  custom:container-demuxer-ogg: 62fdf1f143b41e24485cea50d1cbac27 -> 
  custom:video-encoder-webm-vp8: eb34c28f22e8b96e1ab97ce403110664 -> 
  custom:video-codec-MediaFoundation-h265: 746d11721c4dcdbdad8f713fa42b33f4 -> 
  custom:video-decoder-webm-vp8: 9c59270c3fd7afecdb556c50c9e8de78 -> 
  custom:audio-decoder-ogg-vorbis: bf7c407c2cedff20999df2af8eb42d56 -> 
  custom:audio-encoder-webm-vorbis: bf7c407c2cedff20999df2af8eb42d56 -> 
========================================================================
Received Prepare
Registering precompiled user dll's ...
Registered in 0.009634 seconds.
Begin MonoManager ReloadAssembly
Native extension for WindowsStandalone target not found
Refreshing native plugins compatible for Editor in 0.58 ms, found 3 plugins.
Preloading 0 native plugins for Editor in 0.00 ms.
Mono: successfully reloaded assembly
- Completed reload, in  1.177 seconds
Platform modules already initialized, skipping
Shader 'Universal Render Pipeline/Particles/Lit': fallback shader 'Universal Render Pipeline/Particles/SimpleLit' not found
Refreshing native plugins compatible for Editor in 0.95 ms, found 3 plugins.
Preloading 0 native plugins for Editor in 0.00 ms.
Unloading 3151 Unused Serialized files (Serialized files now loaded: 0)
System memory in use before: 140.9 MB.
System memory in use after: 141.0 MB.

Unloading 22 unused Assets to reduce memory usage. Loaded Objects now: 3807.
Total: 3.635000 ms (FindLiveObjects: 0.413200 ms CreateObjectMapping: 0.222800 ms MarkObjects: 2.832700 ms  DeleteObjects: 0.164500 ms)

AssetImportParameters requested are different than current active one (requested -> active):
  custom:framework-win-MediaFoundation: 216162199b28c13a410421893ffa2e32 -> 
  custom:video-decoder-ogg-theora: a1e56fd34408186e4bbccfd4996cb3dc -> 
  custom:container-muxer-webm: aa71ff27fc2769a1b78a27578f13a17b -> 
  custom:container-demuxer-webm: 4f35f7cbe854078d1ac9338744f61a02 -> 
  custom:container-demuxer-ogg: 62fdf1f143b41e24485cea50d1cbac27 -> 
  custom:video-encoder-webm-vp8: eb34c28f22e8b96e1ab97ce403110664 -> 
  custom:video-codec-MediaFoundation-h265: 746d11721c4dcdbdad8f713fa42b33f4 -> 
  custom:video-decoder-webm-vp8: 9c59270c3fd7afecdb556c50c9e8de78 -> 
  custom:audio-decoder-ogg-vorbis: bf7c407c2cedff20999df2af8eb42d56 -> 
  custom:audio-encoder-webm-vorbis: bf7c407c2cedff20999df2af8eb42d56 -> 
